# JRE version: Java(TM) SE Runtime Environment (25.0.2+10) (build 25.0.2+10-LTS-69)
# Java VM: Java HotSpot(TM) 64-Bit Server VM (25.0.2+10-LTS-69, mixed mode, sharing, tiered, compressed oops, compressed class ptrs, g1 gc, windows-amd64)
GC Precious Log:
 CardTable entry size: 512
 Card Set container configuration: InlinePtr #cards 4 size 8 Array Of Cards #cards 16 size 48 Howl #buckets 8 coarsen threshold 3686 Howl Bitmap #cards 512 size 80 coarsen threshold 460 Card regions per heap region 1 cards per card region 4096
 CPUs: 16 total, 16 available
 Memory: 15654M
 Large Page Support: Disabled
 NUMA Support: Disabled
 Compressed Oops: Enabled (Zero based)
 Heap Region Size: 2M
 Heap Min Capacity: 8M
 Heap Initial Capacity: 246M
 Heap Max Capacity: 3914M
 Pre-touch: Disabled
 Parallel Workers: 13
 Concurrent Workers: 3
 Concurrent Refinement Workers: 13
 Periodic GC: Disabled
Heap:
 garbage-first heap   total reserved 4007936K, committed 102400K, used 82716K [0x000000070b600000, 0x0000000800000000)
  region size 2048K, 23 young (47104K), 4 survivors (8192K)
GC Heap Usage History (20 events):
Event: 15.127 {heap Before GC invocations=6 (full 0):
 garbage-first heap   total reserved 4007936K, committed 55296K, used 41776K [0x000000070b600000, 0x0000000800000000)
  region size 2048K, 13 young (26624K), 1 survivors (2048K)
}
Event: 15.129 {heap After GC invocations=7 (full 0):
 garbage-first heap   total reserved 4007936K, committed 55296K, used 18076K [0x000000070b600000, 0x0000000800000000)
  region size 2048K, 1 young (2048K), 1 survivors (2048K)
}
Event: 22.728 {heap Before GC invocations=7 (full 0):
 garbage-first heap   total reserved 4007936K, committed 55296K, used 44700K [0x000000070b600000, 0x0000000800000000)
  region size 2048K, 14 young (28672K), 1 survivors (2048K)
}
Event: 22.731 {heap After GC invocations=8 (full 0):
 garbage-first heap   total reserved 4007936K, committed 55296K, used 18368K [0x000000070b600000, 0x0000000800000000)
  region size 2048K, 1 young (2048K), 1 survivors (2048K)
}
Event: 28.546 {heap Before GC invocations=8 (full 0):
 garbage-first heap   total reserved 4007936K, committed 55296K, used 44992K [0x000000070b600000, 0x0000000800000000)
  region size 2048K, 14 young (28672K), 1 survivors (2048K)
}
Event: 28.549 {heap After GC invocations=9 (full 0):
 garbage-first heap   total reserved 4007936K, committed 55296K, used 19532K [0x000000070b600000, 0x0000000800000000)
  region size 2048K, 2 young (4096K), 2 survivors (4096K)
}
Event: 32.276 {heap Before GC invocations=9 (full 0):
 garbage-first heap   total reserved 4007936K, committed 55296K, used 46156K [0x000000070b600000, 0x0000000800000000)
  region size 2048K, 15 young (30720K), 2 survivors (4096K)
}
Event: 32.281 {heap After GC invocations=10 (full 0):
 garbage-first heap   total reserved 4007936K, committed 55296K, used 20497K [0x000000070b600000, 0x0000000800000000)
  region size 2048K, 2 young (4096K), 2 survivors (4096K)
}
Event: 38.508 {heap Before GC invocations=10 (full 0):
 garbage-first heap   total reserved 4007936K, committed 55296K, used 45073K [0x000000070b600000, 0x0000000800000000)
  region size 2048K, 15 young (30720K), 2 survivors (4096K)
}
Event: 38.511 {heap After GC invocations=11 (full 0):
 garbage-first heap   total reserved 4007936K, committed 55296K, used 20220K [0x000000070b600000, 0x0000000800000000)
  region size 2048K, 1 young (2048K), 1 survivors (2048K)
}
Event: 45.848 {heap Before GC invocations=11 (full 0):
 garbage-first heap   total reserved 4007936K, committed 55296K, used 46844K [0x000000070b600000, 0x0000000800000000)
  region size 2048K, 15 young (30720K), 1 survivors (2048K)
}
Event: 45.849 {heap After GC invocations=12 (full 0):
 garbage-first heap   total reserved 4007936K, committed 55296K, used 20073K [0x000000070b600000, 0x0000000800000000)
  region size 2048K, 1 young (2048K), 1 survivors (2048K)
}
Event: 46.580 {heap Before GC invocations=12 (full 0):
 garbage-first heap   total reserved 4007936K, committed 55296K, used 32361K [0x000000070b600000, 0x0000000800000000)
  region size 2048K, 8 young (16384K), 1 survivors (2048K)
}
Event: 46.583 {heap After GC invocations=13 (full 0):
 garbage-first heap   total reserved 4007936K, committed 55296K, used 21091K [0x000000070b600000, 0x0000000800000000)
  region size 2048K, 2 young (4096K), 2 survivors (4096K)
}
Event: 46.584 {heap Before GC invocations=13 (full 0):
 garbage-first heap   total reserved 4007936K, committed 55296K, used 29283K [0x000000070b600000, 0x0000000800000000)
  region size 2048K, 3 young (6144K), 2 survivors (4096K)
}
Event: 46.586 {heap After GC invocations=14 (full 0):
 garbage-first heap   total reserved 4007936K, committed 55296K, used 29258K [0x000000070b600000, 0x0000000800000000)
  region size 2048K, 1 young (2048K), 1 survivors (2048K)
}
Event: 49.972 {heap Before GC invocations=15 (full 0):
 garbage-first heap   total reserved 4007936K, committed 92160K, used 72266K [0x000000070b600000, 0x0000000800000000)
  region size 2048K, 10 young (20480K), 1 survivors (2048K)
}
Event: 49.976 {heap After GC invocations=16 (full 0):
 garbage-first heap   total reserved 4007936K, committed 92160K, used 21861K [0x000000070b600000, 0x0000000800000000)
  region size 2048K, 2 young (4096K), 2 survivors (4096K)
}
Event: 56.652 {heap Before GC invocations=16 (full 0):
 garbage-first heap   total reserved 4007936K, committed 92160K, used 79205K [0x000000070b600000, 0x0000000800000000)
  region size 2048K, 27 young (55296K), 2 survivors (4096K)
}
Event: 56.677 {heap After GC invocations=17 (full 0):
 garbage-first heap   total reserved 4007936K, committed 102400K, used 45852K [0x000000070b600000, 0x0000000800000000)
  region size 2048K, 4 young (8192K), 4 survivors (8192K)
}

